[0m08:40:36.455703 [debug] [MainThread]: Sending event: {'category': 'dbt', 'action': 'invocation', 'label': 'start', 'context': [<snowplow_tracker.self_describing_json.SelfDescribingJson object at 0x797d1ceee8d0>, <snowplow_tracker.self_describing_json.SelfDescribingJson object at 0x797d1cfd45f0>, <snowplow_tracker.self_describing_json.SelfDescribingJson object at 0x797d1cb04aa0>]}


============================== 08:40:36.461586 | 8144f4f7-7c81-4f5b-a87c-885b977acf8c ==============================
[0m08:40:36.461586 [info ] [MainThread]: Running with dbt=1.12.0-b1
[0m08:40:36.462746 [debug] [MainThread]: running dbt with arguments {'quiet': 'False', 'no_print': 'None', 'printer_width': '80', 'target_path': 'None', 'introspect': 'True', 'empty': 'None', 'cache_selected_only': 'False', 'profiles_dir': '/home/codespace/.dbt', 'use_experimental_parser': 'False', 'write_json': 'True', 'debug': 'False', 'indirect_selection': 'eager', 'warn_error': 'None', 'version_check': 'True', 'fail_fast': 'False', 'partial_parse': 'True', 'invocation_command': 'dbt init weather_dbt', 'log_format': 'default', 'log_cache_events': 'False', 'static_parser': 'True', 'log_path': 'logs', 'warn_error_options': 'WarnErrorOptionsV2(error=[], warn=[], silence=[])', 'use_colors': 'True', 'send_anonymous_usage_stats': 'True'}
[0m08:40:36.478076 [debug] [MainThread]: Starter project path: /usr/local/python/3.12.1/lib/python3.12/site-packages/dbt/include/starter_project
[0m08:40:36.482618 [info ] [MainThread]: Setting up your profile.
[0m08:42:45.190551 [info ] [MainThread]: Profile weather_dbt written to /home/codespace/.dbt/profiles.yml using target's profile_template.yml and your supplied values.
[0m08:42:45.193419 [info ] [MainThread]: Running dbt debug to validate the project...
[0m08:42:45.194292 [info ] [MainThread]: dbt version: 1.12.0-b1
[0m08:42:45.194924 [info ] [MainThread]: python version: 3.12.1
[0m08:42:45.195539 [info ] [MainThread]: python path: /usr/local/python/3.12.1/bin/python3
[0m08:42:45.196050 [info ] [MainThread]: os info: Linux-6.8.0-1044-azure-x86_64-with-glibc2.39
[0m08:42:45.229653 [info ] [MainThread]: Using profiles dir at /home/codespace/.dbt
[0m08:42:45.230462 [info ] [MainThread]: Using profiles.yml file at /home/codespace/.dbt/profiles.yml
[0m08:42:45.231032 [info ] [MainThread]: Using dbt_project.yml file at /workspaces/codespaces-blank/weather-etl-project/weather_dbt/dbt_project.yml
[0m08:42:45.231754 [info ] [MainThread]: adapter type: postgres
[0m08:42:45.232219 [info ] [MainThread]: adapter version: 1.10.0
[0m08:42:45.352652 [info ] [MainThread]: Configuration:
[0m08:42:45.353478 [info ] [MainThread]:   profiles.yml file [[32mOK found and valid[0m]
[0m08:42:45.354099 [info ] [MainThread]:   dbt_project.yml file [[32mOK found and valid[0m]
[0m08:42:45.354624 [info ] [MainThread]: Required dependencies:
[0m08:42:45.355177 [debug] [MainThread]: Executing "git --help"
[0m08:42:45.361073 [debug] [MainThread]: STDOUT: "b"usage: git [-v | --version] [-h | --help] [-C <path>] [-c <name>=<value>]\n           [--exec-path[=<path>]] [--html-path] [--man-path] [--info-path]\n           [-p | --paginate | -P | --no-pager] [--no-replace-objects] [--no-lazy-fetch]\n           [--no-optional-locks] [--no-advice] [--bare] [--git-dir=<path>]\n           [--work-tree=<path>] [--namespace=<name>] [--config-env=<name>=<envvar>]\n           <command> [<args>]\n\nThese are common Git commands used in various situations:\n\nstart a working area (see also: git help tutorial)\n   clone      Clone a repository into a new directory\n   init       Create an empty Git repository or reinitialize an existing one\n\nwork on the current change (see also: git help everyday)\n   add        Add file contents to the index\n   mv         Move or rename a file, a directory, or a symlink\n   restore    Restore working tree files\n   rm         Remove files from the working tree and from the index\n\nexamine the history and state (see also: git help revisions)\n   bisect     Use binary search to find the commit that introduced a bug\n   diff       Show changes between commits, commit and working tree, etc\n   grep       Print lines matching a pattern\n   log        Show commit logs\n   show       Show various types of objects\n   status     Show the working tree status\n\ngrow, mark and tweak your common history\n   backfill   Download missing objects in a partial clone\n   branch     List, create, or delete branches\n   commit     Record changes to the repository\n   merge      Join two or more development histories together\n   rebase     Reapply commits on top of another base tip\n   reset      Set `HEAD` or the index to a known state\n   switch     Switch branches\n   tag        Create, list, delete or verify tags\n\ncollaborate (see also: git help workflows)\n   fetch      Download objects and refs from another repository\n   pull       Fetch from and integrate with another repository or a local branch\n   push       Update remote refs along with associated objects\n\n'git help -a' and 'git help -g' list available subcommands and some\nconcept guides. See 'git help <command>' or 'git help <concept>'\nto read about a specific subcommand or concept.\nSee 'git help git' for an overview of the system.\n""
[0m08:42:45.361678 [debug] [MainThread]: STDERR: "b''"
[0m08:42:45.362388 [info ] [MainThread]:  - git [[32mOK found[0m]

[0m08:42:45.363098 [info ] [MainThread]: Connection:
[0m08:42:45.363848 [info ] [MainThread]:   host: localhost
[0m08:42:45.364575 [info ] [MainThread]:   port: 5432
[0m08:42:45.365272 [info ] [MainThread]:   user: etl_user
[0m08:42:45.365944 [info ] [MainThread]:   database: weather_db
[0m08:42:45.366451 [info ] [MainThread]:   schema: analytics
[0m08:42:45.366917 [info ] [MainThread]:   connect_timeout: 10
[0m08:42:45.367421 [info ] [MainThread]:   role: None
[0m08:42:45.367953 [info ] [MainThread]:   search_path: None
[0m08:42:45.368484 [info ] [MainThread]:   keepalives_idle: 0
[0m08:42:45.369009 [info ] [MainThread]:   sslmode: None
[0m08:42:45.369697 [info ] [MainThread]:   sslcert: None
[0m08:42:45.370382 [info ] [MainThread]:   sslkey: None
[0m08:42:45.371043 [info ] [MainThread]:   sslrootcert: None
[0m08:42:45.371618 [info ] [MainThread]:   application_name: dbt
[0m08:42:45.372167 [info ] [MainThread]:   retries: 1
[0m08:42:45.373069 [info ] [MainThread]: Registered adapter: postgres=1.10.0
[0m08:42:45.490620 [debug] [MainThread]: Acquiring new postgres connection 'debug'
[0m08:42:45.985666 [debug] [MainThread]: Using postgres connection "debug"
[0m08:42:45.986346 [debug] [MainThread]: On debug: select 1 as id
[0m08:42:45.986861 [debug] [MainThread]: Opening a new connection, currently in state init
[0m08:42:45.989886 [debug] [MainThread]: Postgres adapter: Got a retryable error when attempting to open a postgres connection.
1 attempts remaining. Retrying in 0 seconds.
Error:
connection to server at "localhost" (::1), port 5432 failed: Connection refused
	Is the server running on that host and accepting TCP/IP connections?
connection to server at "localhost" (127.0.0.1), port 5432 failed: Connection refused
	Is the server running on that host and accepting TCP/IP connections?

[0m08:42:45.991045 [debug] [MainThread]: Postgres adapter: Error running SQL: select 1 as id
[0m08:42:45.991555 [debug] [MainThread]: Postgres adapter: Rolling back transaction.
[0m08:42:45.992016 [debug] [MainThread]: On debug: No close available on handle
[0m08:42:45.992489 [info ] [MainThread]:   Connection test: [[31mERROR[0m]

[0m08:42:45.993040 [info ] [MainThread]: [31m1 check failed:[0m
[0m08:42:45.993604 [info ] [MainThread]: dbt was unable to connect to the specified database.
The database returned the following error:

  >Database Error
  connection to server at "localhost" (::1), port 5432 failed: Connection refused
  	Is the server running on that host and accepting TCP/IP connections?
  connection to server at "localhost" (127.0.0.1), port 5432 failed: Connection refused
  	Is the server running on that host and accepting TCP/IP connections?
  

Check your database credentials and try again. For more information, visit:
https://docs.getdbt.com/docs/configure-your-profile


[0m08:42:45.994178 [info ] [MainThread]: Your new dbt project "weather_dbt" was created!
Initialized new project in /workspaces/codespaces-blank/weather-etl-project/weather_dbt/weather_dbt

For more information on how to configure the profiles.yml file,
please consult the dbt documentation here:

  https://docs.getdbt.com/docs/configure-your-profile

One more thing:

Need help? Don't hesitate to reach out to us via GitHub issues or on Slack:

  https://community.getdbt.com/

Happy modeling!

[0m08:42:45.994727 [info ] [MainThread]: [31mYour profile may need adjustments. You can find the logs of `dbt debug` above[0m
[0m08:42:45.995948 [debug] [MainThread]: Resource report: {"command_name": "init", "command_success": true, "command_wall_clock_time": 129.6152, "process_in_blocks": "14416", "process_kernel_time": 0.207288, "process_mem_max_rss": "131152", "process_out_blocks": "96", "process_user_time": 3.001225}
[0m08:42:45.996651 [debug] [MainThread]: Command `dbt init` succeeded at 08:42:45.996534 after 129.62 seconds
[0m08:42:45.997102 [debug] [MainThread]: Connection 'debug' was properly closed.
[0m08:42:45.997597 [debug] [MainThread]: Sending event: {'category': 'dbt', 'action': 'invocation', 'label': 'end', 'context': [<snowplow_tracker.self_describing_json.SelfDescribingJson object at 0x797d1cfd45f0>, <snowplow_tracker.self_describing_json.SelfDescribingJson object at 0x797d1ca47890>, <snowplow_tracker.self_describing_json.SelfDescribingJson object at 0x797d1ca47e30>]}
[0m08:42:45.998138 [debug] [MainThread]: Flushing usage events
[0m08:42:46.358930 [debug] [MainThread]: An error was encountered while trying to flush usage events
[0m10:29:33.137482 [debug] [MainThread]: Sending event: {'category': 'dbt', 'action': 'invocation', 'label': 'start', 'context': [<snowplow_tracker.self_describing_json.SelfDescribingJson object at 0x71766cc62630>, <snowplow_tracker.self_describing_json.SelfDescribingJson object at 0x71766d8fdc10>, <snowplow_tracker.self_describing_json.SelfDescribingJson object at 0x71766b592870>]}


============================== 10:29:33.146725 | 22216dc7-e9aa-42ab-909d-41885973c38e ==============================
[0m10:29:33.146725 [info ] [MainThread]: Running with dbt=1.12.0-b1
[0m10:29:33.148087 [debug] [MainThread]: running dbt with arguments {'indirect_selection': 'eager', 'printer_width': '80', 'send_anonymous_usage_stats': 'True', 'introspect': 'True', 'log_cache_events': 'False', 'no_print': 'None', 'profiles_dir': '/home/codespace/.dbt', 'debug': 'False', 'target_path': 'None', 'log_path': 'logs', 'empty': 'None', 'warn_error_options': 'WarnErrorOptionsV2(error=[], warn=[], silence=[])', 'fail_fast': 'False', 'use_colors': 'True', 'static_parser': 'True', 'version_check': 'True', 'invocation_command': 'dbt debug', 'warn_error': 'None', 'write_json': 'True', 'use_experimental_parser': 'False', 'log_format': 'default', 'cache_selected_only': 'False', 'partial_parse': 'True', 'quiet': 'False'}
[0m10:29:33.219552 [info ] [MainThread]: dbt version: 1.12.0-b1
[0m10:29:33.221108 [info ] [MainThread]: python version: 3.12.1
[0m10:29:33.222660 [info ] [MainThread]: python path: /usr/local/python/3.12.1/bin/python3
[0m10:29:33.223737 [info ] [MainThread]: os info: Linux-6.8.0-1044-azure-x86_64-with-glibc2.39
[0m10:29:33.732097 [info ] [MainThread]: Using profiles dir at /home/codespace/.dbt
[0m10:29:33.732746 [info ] [MainThread]: Using profiles.yml file at /home/codespace/.dbt/profiles.yml
[0m10:29:33.733329 [info ] [MainThread]: Using dbt_project.yml file at /workspaces/codespaces-blank/weather-etl-project/dbt_project.yml
[0m10:29:33.734110 [info ] [MainThread]: adapter type: postgres
[0m10:29:33.734591 [info ] [MainThread]: adapter version: 1.10.0
[0m10:29:33.735163 [info ] [MainThread]: Configuration:
[0m10:29:33.735608 [info ] [MainThread]:   profiles.yml file [[32mOK found and valid[0m]
[0m10:29:33.736174 [info ] [MainThread]:   dbt_project.yml file [[31mERROR not found[0m]
[0m10:29:33.736802 [info ] [MainThread]: Required dependencies:
[0m10:29:33.737408 [debug] [MainThread]: Executing "git --help"
[0m10:29:33.745286 [debug] [MainThread]: STDOUT: "b"usage: git [-v | --version] [-h | --help] [-C <path>] [-c <name>=<value>]\n           [--exec-path[=<path>]] [--html-path] [--man-path] [--info-path]\n           [-p | --paginate | -P | --no-pager] [--no-replace-objects] [--no-lazy-fetch]\n           [--no-optional-locks] [--no-advice] [--bare] [--git-dir=<path>]\n           [--work-tree=<path>] [--namespace=<name>] [--config-env=<name>=<envvar>]\n           <command> [<args>]\n\nThese are common Git commands used in various situations:\n\nstart a working area (see also: git help tutorial)\n   clone      Clone a repository into a new directory\n   init       Create an empty Git repository or reinitialize an existing one\n\nwork on the current change (see also: git help everyday)\n   add        Add file contents to the index\n   mv         Move or rename a file, a directory, or a symlink\n   restore    Restore working tree files\n   rm         Remove files from the working tree and from the index\n\nexamine the history and state (see also: git help revisions)\n   bisect     Use binary search to find the commit that introduced a bug\n   diff       Show changes between commits, commit and working tree, etc\n   grep       Print lines matching a pattern\n   log        Show commit logs\n   show       Show various types of objects\n   status     Show the working tree status\n\ngrow, mark and tweak your common history\n   backfill   Download missing objects in a partial clone\n   branch     List, create, or delete branches\n   commit     Record changes to the repository\n   merge      Join two or more development histories together\n   rebase     Reapply commits on top of another base tip\n   reset      Set `HEAD` or the index to a known state\n   switch     Switch branches\n   tag        Create, list, delete or verify tags\n\ncollaborate (see also: git help workflows)\n   fetch      Download objects and refs from another repository\n   pull       Fetch from and integrate with another repository or a local branch\n   push       Update remote refs along with associated objects\n\n'git help -a' and 'git help -g' list available subcommands and some\nconcept guides. See 'git help <command>' or 'git help <concept>'\nto read about a specific subcommand or concept.\nSee 'git help git' for an overview of the system.\n""
[0m10:29:33.746124 [debug] [MainThread]: STDERR: "b''"
[0m10:29:33.746916 [info ] [MainThread]:  - git [[32mOK found[0m]

[0m10:29:33.747470 [info ] [MainThread]: Connection:
[0m10:29:33.747965 [info ] [MainThread]:   host: localhost
[0m10:29:33.748510 [info ] [MainThread]:   port: 5432
[0m10:29:33.749085 [info ] [MainThread]:   user: etl_user
[0m10:29:33.749556 [info ] [MainThread]:   database: weather_db
[0m10:29:33.750005 [info ] [MainThread]:   schema: analytics
[0m10:29:33.750486 [info ] [MainThread]:   connect_timeout: 10
[0m10:29:33.750933 [info ] [MainThread]:   role: None
[0m10:29:33.751404 [info ] [MainThread]:   search_path: None
[0m10:29:33.751846 [info ] [MainThread]:   keepalives_idle: 0
[0m10:29:33.752367 [info ] [MainThread]:   sslmode: None
[0m10:29:33.752892 [info ] [MainThread]:   sslcert: None
[0m10:29:33.753408 [info ] [MainThread]:   sslkey: None
[0m10:29:33.754347 [info ] [MainThread]:   sslrootcert: None
[0m10:29:33.755277 [info ] [MainThread]:   application_name: dbt
[0m10:29:33.756098 [info ] [MainThread]:   retries: 1
[0m10:29:33.756706 [info ] [MainThread]: Registered adapter: postgres=1.10.0
[0m10:29:33.933943 [debug] [MainThread]: Acquiring new postgres connection 'debug'
[0m10:29:34.291252 [debug] [MainThread]: Using postgres connection "debug"
[0m10:29:34.291807 [debug] [MainThread]: On debug: select 1 as id
[0m10:29:34.292279 [debug] [MainThread]: Opening a new connection, currently in state init
[0m10:29:34.294748 [debug] [MainThread]: Postgres adapter: Got a retryable error when attempting to open a postgres connection.
1 attempts remaining. Retrying in 0 seconds.
Error:
connection to server at "localhost" (::1), port 5432 failed: Connection refused
	Is the server running on that host and accepting TCP/IP connections?
connection to server at "localhost" (127.0.0.1), port 5432 failed: Connection refused
	Is the server running on that host and accepting TCP/IP connections?

[0m10:29:34.295766 [debug] [MainThread]: Postgres adapter: Error running SQL: select 1 as id
[0m10:29:34.296272 [debug] [MainThread]: Postgres adapter: Rolling back transaction.
[0m10:29:34.296704 [debug] [MainThread]: On debug: No close available on handle
[0m10:29:34.297139 [info ] [MainThread]:   Connection test: [[31mERROR[0m]

[0m10:29:34.297723 [info ] [MainThread]: [31m2 checks failed:[0m
[0m10:29:34.298227 [info ] [MainThread]: Project loading failed for the following reason:
 project path </workspaces/codespaces-blank/weather-etl-project/dbt_project.yml> not found

[0m10:29:34.298741 [info ] [MainThread]: dbt was unable to connect to the specified database.
The database returned the following error:

  >Database Error
  connection to server at "localhost" (::1), port 5432 failed: Connection refused
  	Is the server running on that host and accepting TCP/IP connections?
  connection to server at "localhost" (127.0.0.1), port 5432 failed: Connection refused
  	Is the server running on that host and accepting TCP/IP connections?
  

Check your database credentials and try again. For more information, visit:
https://docs.getdbt.com/docs/configure-your-profile


[0m10:29:34.299974 [debug] [MainThread]: Resource report: {"command_name": "debug", "command_success": false, "command_wall_clock_time": 1.240104, "process_in_blocks": "110432", "process_kernel_time": 0.341465, "process_mem_max_rss": "129056", "process_out_blocks": "24", "process_user_time": 4.09661}
[0m10:29:34.300585 [debug] [MainThread]: Command `dbt debug` failed at 10:29:34.300478 after 1.24 seconds
[0m10:29:34.301012 [debug] [MainThread]: Connection 'debug' was properly closed.
[0m10:29:34.301475 [debug] [MainThread]: Sending event: {'category': 'dbt', 'action': 'invocation', 'label': 'end', 'context': [<snowplow_tracker.self_describing_json.SelfDescribingJson object at 0x71766b92f620>, <snowplow_tracker.self_describing_json.SelfDescribingJson object at 0x71766b166840>, <snowplow_tracker.self_describing_json.SelfDescribingJson object at 0x71766b5926c0>]}
[0m10:29:34.301970 [debug] [MainThread]: Flushing usage events
[0m10:29:34.778259 [debug] [MainThread]: An error was encountered while trying to flush usage events
